2017/01/20 9:57:18 にビルドを開始しました。
     1>ノード 2 上のプロジェクト "C:\Users\student\Desktop\Framework2017\Framework2017.vcxproj" (Build ターゲット)。
     1>ClCompile:
         C:\Program Files (x86)\Microsoft Visual Studio 12.0\VC\bin\CL.exe /c /I"C:\DxLib_VC\プロジェクトに追加すべきファイル_VC用" /ZI /nologo /W3 /WX- /sdl /Od /Oy- /D WIN32 /D _DEBUG /D _LIB /D _MBCS /Gm /EHsc /RTC1 /MTd /GS /fp:precise /Zc:wchar_t /Zc:forScope /Fo"Debug\\" /Fd"Debug\vc120.pdb" /Gd /TP /analyze- /errorReport:prompt Application.cpp Binary.cpp Client.cpp Device.cpp Drawer.cpp Keyboard.cpp Model.cpp Mouse.cpp Server.cpp Sound.cpp Task.cpp WinMain.cpp
         WinMain.cpp
         Task.cpp
         Sound.cpp
         Server.cpp
         Mouse.cpp
         Model.cpp
         Keyboard.cpp
         Drawer.cpp
         Device.cpp
         Client.cpp
         Binary.cpp
         Application.cpp
         コードを生成中...
       Lib:
         C:\Program Files (x86)\Microsoft Visual Studio 12.0\VC\bin\Lib.exe /OUT:"C:\Users\student\Desktop\yokai\Solution\Debug\Framework2017.lib" /NOLOGO Debug\Application.obj
         Debug\Binary.obj
         Debug\Client.obj
         Debug\Device.obj
         Debug\Drawer.obj
         Debug\Keyboard.obj
         Debug\Model.obj
         Debug\Mouse.obj
         Debug\Server.obj
         Debug\Sound.obj
         Debug\Task.obj
         Debug\WinMain.obj
         Framework2017.vcxproj -> C:\Users\student\Desktop\yokai\Solution\Debug\Framework2017.lib
     1>プロジェクト "C:\Users\student\Desktop\Framework2017\Framework2017.vcxproj" (Build ターゲット) のビルドが完了しました。

ビルドに成功しました。

経過時間 00:00:07.76
